<?xml version="1.0" encoding="UTF-8"?>
<!-- Generated by org.testng.reporters.JUnitReportReporter -->
<testsuite skipped="0" hostname="ADAPALEELA-PC" name="mytestng.Way2sms" tests="1" failures="0" timestamp="31 Jan 2019 13:32:12 GMT" time="53.712" errors="0">
  <testcase name="launch" time="53.712" classname="mytestng.Way2sms"/>
</testsuite> <!-- mytestng.Way2sms -->
